{"uid":"22c5f4449030b3b0","name":"test_web_table_search_specified_results[Ve-2]","fullName":"tests.elements_page_test.TestWebTables#test_web_table_search_specified_results","historyId":"0c91e23d7fdda4a81fce0d2a956b4fad","time":{"start":1693431133067,"stop":1693431133239,"duration":172},"description":" Check if search result matches to the query ","descriptionHtml":"<p>Check if search result matches to the query</p>\n","status":"failed","statusMessage":"AssertionError: Query search count 2 is not equal to result search count 1\nassert 2 == 1","statusTrace":"self = <elements_page_test.TestElements.TestWebTables object at 0x000000C3A837A1D0>, query = 'Ve', query_count = 2\n\n    @pytest.mark.parametrize('query,query_count', specified_search_list)\n    def test_web_table_search_specified_results(self, query, query_count):\n        \"\"\" Check if search result matches to the query \"\"\"\n        self.web_table_page.search_by_any_key(query)\n        result_count, result_mapping = self.web_table_page.get_search_specified_results(query)\n    \n        with allure.step('Check search result'):\n>           assert query_count == result_count, f'Query search count {query_count} is not equal to result search count {result_count}'\nE           AssertionError: Query search count 2 is not equal to result search count 1\nE           assert 2 == 1\n\ntests\\elements_page_test.py:125: AssertionError","flaky":false,"newFailed":false,"newBroken":false,"newPassed":false,"retriesCount":0,"retriesStatusChange":false,"beforeStages":[{"name":"_session_faker","time":{"start":1693430445726,"stop":1693430445820,"duration":94},"status":"passed","steps":[],"attachments":[],"parameters":[],"shouldDisplayMessage":false,"attachmentsCount":0,"hasContent":false,"stepsCount":0},{"name":"driver","time":{"start":1693430468302,"stop":1693430474075,"duration":5773},"status":"passed","steps":[{"name":"Start Firefox engine","time":{"start":1693430468302,"stop":1693430474075,"duration":5773},"status":"passed","steps":[],"attachments":[],"parameters":[],"shouldDisplayMessage":false,"attachmentsCount":0,"hasContent":false,"stepsCount":0}],"attachments":[],"parameters":[],"shouldDisplayMessage":false,"attachmentsCount":0,"hasContent":true,"stepsCount":1},{"name":"screenshot_on_failure","time":{"start":1693431132806,"stop":1693431132806,"duration":0},"status":"passed","steps":[],"attachments":[],"parameters":[],"shouldDisplayMessage":false,"attachmentsCount":0,"hasContent":false,"stepsCount":0},{"name":"web_table_setup","time":{"start":1693431132806,"stop":1693431133067,"duration":261},"status":"passed","steps":[{"name":"Setup WebTablesPage object and open its url","time":{"start":1693431132806,"stop":1693431133067,"duration":261},"status":"passed","steps":[],"attachments":[],"parameters":[],"shouldDisplayMessage":false,"attachmentsCount":0,"hasContent":false,"stepsCount":0}],"attachments":[],"parameters":[],"shouldDisplayMessage":false,"attachmentsCount":0,"hasContent":true,"stepsCount":1}],"testStage":{"description":" Check if search result matches to the query ","status":"failed","statusMessage":"AssertionError: Query search count 2 is not equal to result search count 1\nassert 2 == 1","statusTrace":"self = <elements_page_test.TestElements.TestWebTables object at 0x000000C3A837A1D0>, query = 'Ve', query_count = 2\n\n    @pytest.mark.parametrize('query,query_count', specified_search_list)\n    def test_web_table_search_specified_results(self, query, query_count):\n        \"\"\" Check if search result matches to the query \"\"\"\n        self.web_table_page.search_by_any_key(query)\n        result_count, result_mapping = self.web_table_page.get_search_specified_results(query)\n    \n        with allure.step('Check search result'):\n>           assert query_count == result_count, f'Query search count {query_count} is not equal to result search count {result_count}'\nE           AssertionError: Query search count 2 is not equal to result search count 1\nE           assert 2 == 1\n\ntests\\elements_page_test.py:125: AssertionError","steps":[{"name":"Fill search field by 'Ve'","time":{"start":1693431133071,"stop":1693431133179,"duration":108},"status":"passed","steps":[],"attachments":[],"parameters":[{"name":"query","value":"'Ve'"}],"shouldDisplayMessage":false,"attachmentsCount":0,"hasContent":true,"stepsCount":0},{"name":"Get rows count and query mapping","time":{"start":1693431133179,"stop":1693431133239,"duration":60},"status":"passed","steps":[{"name":"Get all persons","time":{"start":1693431133179,"stop":1693431133239,"duration":60},"status":"passed","steps":[],"attachments":[],"parameters":[],"shouldDisplayMessage":false,"attachmentsCount":0,"hasContent":false,"stepsCount":0}],"attachments":[],"parameters":[{"name":"query","value":"'Ve'"}],"shouldDisplayMessage":false,"attachmentsCount":0,"hasContent":true,"stepsCount":1},{"name":"Check search result","time":{"start":1693431133239,"stop":1693431133239,"duration":0},"status":"failed","statusMessage":"AssertionError: Query search count 2 is not equal to result search count 1\nassert 2 == 1\n","statusTrace":"  File \"C:\\Users\\Ник\\PycharmProjects\\TestingUIForGit_POM\\tests\\elements_page_test.py\", line 125, in test_web_table_search_specified_results\n    assert query_count == result_count, f'Query search count {query_count} is not equal to result search count {result_count}'\n","steps":[],"attachments":[],"parameters":[],"shouldDisplayMessage":true,"attachmentsCount":0,"hasContent":true,"stepsCount":0}],"attachments":[],"parameters":[],"shouldDisplayMessage":true,"attachmentsCount":0,"hasContent":true,"stepsCount":4},"afterStages":[{"name":"screenshot_on_failure::0","time":{"start":1693431133259,"stop":1693431133415,"duration":156},"status":"passed","steps":[],"attachments":[{"uid":"3be249fa09a8595d","name":"test_web_table_search_specified_results[Ve-2]-2023-08-31-00-32-13.258510","source":"3be249fa09a8595d.png","type":"image/png","size":237652}],"parameters":[],"shouldDisplayMessage":false,"attachmentsCount":1,"hasContent":true,"stepsCount":0},{"name":"driver::0","time":{"start":1693431164077,"stop":1693431165754,"duration":1677},"status":"passed","steps":[],"attachments":[],"parameters":[],"shouldDisplayMessage":false,"attachmentsCount":0,"hasContent":false,"stepsCount":0}],"labels":[{"name":"feature","value":"Web Tables page has a person's data list and functions add/edit/delete for it"},{"name":"subSuite","value":"Web Tables"},{"name":"suite","value":"Elements"},{"name":"tag","value":"@pytest.mark.usefixtures('web_table_setup')"},{"name":"parentSuite","value":"tests"},{"name":"host","value":"Nick"},{"name":"thread","value":"7104-MainThread"},{"name":"framework","value":"pytest"},{"name":"language","value":"cpython3"},{"name":"package","value":"tests.elements_page_test"},{"name":"resultFormat","value":"allure2"}],"parameters":[{"name":"query","value":"'Ve'"},{"name":"query_count","value":"2"}],"links":[],"hidden":false,"retry":false,"extra":{"severity":"normal","retries":[],"categories":[{"name":"Product defects","matchedStatuses":[],"flaky":false}],"tags":["@pytest.mark.usefixtures('web_table_setup')"]},"source":"22c5f4449030b3b0.json","parameterValues":["'Ve'","2"]}