{"uid":"82b01e60044366a6","name":"test_web_table_search_specified_results[20-2]","fullName":"tests.elements_page_test.TestWebTables#test_web_table_search_specified_results","historyId":"551f3ac541fc60ebd2fdb20a91f15cd7","time":{"start":1693431134367,"stop":1693431134625,"duration":258},"description":" Check if search result matches to the query ","descriptionHtml":"<p>Check if search result matches to the query</p>\n","status":"failed","statusMessage":"AssertionError: Search result 2 does't match to the search query 20\nassert False == 1","statusTrace":"self = <elements_page_test.TestElements.TestWebTables object at 0x000000C3A8378F50>, query = '20', query_count = 2\n\n    @pytest.mark.parametrize('query,query_count', specified_search_list)\n    def test_web_table_search_specified_results(self, query, query_count):\n        \"\"\" Check if search result matches to the query \"\"\"\n        self.web_table_page.search_by_any_key(query)\n        result_count, result_mapping = self.web_table_page.get_search_specified_results(query)\n    \n        with allure.step('Check search result'):\n            assert query_count == result_count, f'Query search count {query_count} is not equal to result search count {result_count}'\n>           assert result_mapping == 1, f\"Search result {result_count} does't match to the search query {query}\"\nE           AssertionError: Search result 2 does't match to the search query 20\nE           assert False == 1\n\ntests\\elements_page_test.py:126: AssertionError","flaky":false,"newFailed":false,"newBroken":false,"newPassed":false,"retriesCount":0,"retriesStatusChange":false,"beforeStages":[{"name":"_session_faker","time":{"start":1693430445726,"stop":1693430445820,"duration":94},"status":"passed","steps":[],"attachments":[],"parameters":[],"shouldDisplayMessage":false,"attachmentsCount":0,"hasContent":false,"stepsCount":0},{"name":"driver","time":{"start":1693430468302,"stop":1693430474075,"duration":5773},"status":"passed","steps":[{"name":"Start Firefox engine","time":{"start":1693430468302,"stop":1693430474075,"duration":5773},"status":"passed","steps":[],"attachments":[],"parameters":[],"shouldDisplayMessage":false,"attachmentsCount":0,"hasContent":false,"stepsCount":0}],"attachments":[],"parameters":[],"shouldDisplayMessage":false,"attachmentsCount":0,"hasContent":true,"stepsCount":1},{"name":"screenshot_on_failure","time":{"start":1693431134095,"stop":1693431134095,"duration":0},"status":"passed","steps":[],"attachments":[],"parameters":[],"shouldDisplayMessage":false,"attachmentsCount":0,"hasContent":false,"stepsCount":0},{"name":"web_table_setup","time":{"start":1693431134095,"stop":1693431134367,"duration":272},"status":"passed","steps":[{"name":"Setup WebTablesPage object and open its url","time":{"start":1693431134095,"stop":1693431134367,"duration":272},"status":"passed","steps":[],"attachments":[],"parameters":[],"shouldDisplayMessage":false,"attachmentsCount":0,"hasContent":false,"stepsCount":0}],"attachments":[],"parameters":[],"shouldDisplayMessage":false,"attachmentsCount":0,"hasContent":true,"stepsCount":1}],"testStage":{"description":" Check if search result matches to the query ","status":"failed","statusMessage":"AssertionError: Search result 2 does't match to the search query 20\nassert False == 1","statusTrace":"self = <elements_page_test.TestElements.TestWebTables object at 0x000000C3A8378F50>, query = '20', query_count = 2\n\n    @pytest.mark.parametrize('query,query_count', specified_search_list)\n    def test_web_table_search_specified_results(self, query, query_count):\n        \"\"\" Check if search result matches to the query \"\"\"\n        self.web_table_page.search_by_any_key(query)\n        result_count, result_mapping = self.web_table_page.get_search_specified_results(query)\n    \n        with allure.step('Check search result'):\n            assert query_count == result_count, f'Query search count {query_count} is not equal to result search count {result_count}'\n>           assert result_mapping == 1, f\"Search result {result_count} does't match to the search query {query}\"\nE           AssertionError: Search result 2 does't match to the search query 20\nE           assert False == 1\n\ntests\\elements_page_test.py:126: AssertionError","steps":[{"name":"Fill search field by '20'","time":{"start":1693431134367,"stop":1693431134451,"duration":84},"status":"passed","steps":[],"attachments":[],"parameters":[{"name":"query","value":"'20'"}],"shouldDisplayMessage":false,"attachmentsCount":0,"hasContent":true,"stepsCount":0},{"name":"Get rows count and query mapping","time":{"start":1693431134451,"stop":1693431134625,"duration":174},"status":"passed","steps":[{"name":"Get all persons","time":{"start":1693431134451,"stop":1693431134625,"duration":174},"status":"passed","steps":[],"attachments":[],"parameters":[],"shouldDisplayMessage":false,"attachmentsCount":0,"hasContent":false,"stepsCount":0}],"attachments":[],"parameters":[{"name":"query","value":"'20'"}],"shouldDisplayMessage":false,"attachmentsCount":0,"hasContent":true,"stepsCount":1},{"name":"Check search result","time":{"start":1693431134625,"stop":1693431134625,"duration":0},"status":"failed","statusMessage":"AssertionError: Search result 2 does't match to the search query 20\nassert False == 1\n","statusTrace":"  File \"C:\\Users\\Ник\\PycharmProjects\\TestingUIForGit_POM\\tests\\elements_page_test.py\", line 126, in test_web_table_search_specified_results\n    assert result_mapping == 1, f\"Search result {result_count} does't match to the search query {query}\"\n","steps":[],"attachments":[],"parameters":[],"shouldDisplayMessage":true,"attachmentsCount":0,"hasContent":true,"stepsCount":0}],"attachments":[],"parameters":[],"shouldDisplayMessage":true,"attachmentsCount":0,"hasContent":true,"stepsCount":4},"afterStages":[{"name":"screenshot_on_failure::0","time":{"start":1693431134645,"stop":1693431134793,"duration":148},"status":"passed","steps":[],"attachments":[{"uid":"ca3c2a9d73492f3e","name":"test_web_table_search_specified_results[20-2]-2023-08-31-00-32-14.645221","source":"ca3c2a9d73492f3e.png","type":"image/png","size":242146}],"parameters":[],"shouldDisplayMessage":false,"attachmentsCount":1,"hasContent":true,"stepsCount":0},{"name":"driver::0","time":{"start":1693431164077,"stop":1693431165754,"duration":1677},"status":"passed","steps":[],"attachments":[],"parameters":[],"shouldDisplayMessage":false,"attachmentsCount":0,"hasContent":false,"stepsCount":0}],"labels":[{"name":"feature","value":"Web Tables page has a person's data list and functions add/edit/delete for it"},{"name":"subSuite","value":"Web Tables"},{"name":"suite","value":"Elements"},{"name":"tag","value":"@pytest.mark.usefixtures('web_table_setup')"},{"name":"parentSuite","value":"tests"},{"name":"host","value":"Nick"},{"name":"thread","value":"7104-MainThread"},{"name":"framework","value":"pytest"},{"name":"language","value":"cpython3"},{"name":"package","value":"tests.elements_page_test"},{"name":"resultFormat","value":"allure2"}],"parameters":[{"name":"query","value":"'20'"},{"name":"query_count","value":"2"}],"links":[],"hidden":false,"retry":false,"extra":{"severity":"normal","retries":[],"categories":[{"name":"Product defects","matchedStatuses":[],"flaky":false}],"tags":["@pytest.mark.usefixtures('web_table_setup')"]},"source":"82b01e60044366a6.json","parameterValues":["'20'","2"]}