{"name": "test_web_table_add_random_valid_persons[2]", "status": "failed", "statusDetails": {"message": "AssertionError: Persons are not in the list.\nassert False\n +  where False = all(<generator object TestElements.TestWebTables.test_web_table_add_random_valid_persons.<locals>.<genexpr> at 0x000000C3A845E6C0>)", "trace": "self = <elements_page_test.TestElements.TestWebTables object at 0x000000C3A8369010>, how_much = 2\n\n    @pytest.mark.parametrize('how_much', [2])\n    def test_web_table_add_random_valid_persons(self, how_much):\n        \"\"\" Check if 'how_much' new random persons could be added in the list \"\"\"\n        input_persons = self.web_table_page.create_random_valid_persons(how_much)\n        output_persons = self.web_table_page.get_all_persons()\n    \n        with allure.step('Check if persons in the list'):\n>           assert all(item in input_persons for item in output_persons), 'Persons are not in the list.'\nE           AssertionError: Persons are not in the list.\nE           assert False\nE            +  where False = all(<generator object TestElements.TestWebTables.test_web_table_add_random_valid_persons.<locals>.<genexpr> at 0x000000C3A845E6C0>)\n\ntests\\elements_page_test.py:100: AssertionError"}, "description": " Check if 'how_much' new random persons could be added in the list ", "steps": [{"name": "Create random valid user", "status": "passed", "steps": [{"name": "\"Add\" click", "status": "passed", "start": 1693431125541, "stop": 1693431125829}, {"name": "Generate data and fill the form", "status": "passed", "start": 1693431125829, "stop": 1693431125833}, {"name": "\"Submit\" click", "status": "passed", "start": 1693431126209, "stop": 1693431126237}, {"name": "\"Add\" click", "status": "passed", "start": 1693431126485, "stop": 1693431126757}, {"name": "Generate data and fill the form", "status": "passed", "start": 1693431126757, "stop": 1693431126757}, {"name": "\"Submit\" click", "status": "passed", "start": 1693431127095, "stop": 1693431127127}], "parameters": [{"name": "how_much", "value": "2"}], "start": 1693431125541, "stop": 1693431127363}, {"name": "Get all persons", "status": "passed", "start": 1693431127363, "stop": 1693431127543}, {"name": "Check if persons in the list", "status": "failed", "statusDetails": {"message": "AssertionError: Persons are not in the list.\nassert False\n +  where False = all(<generator object TestElements.TestWebTables.test_web_table_add_random_valid_persons.<locals>.<genexpr> at 0x000000C3A845E6C0>)\n", "trace": "  File \"C:\\Users\\Ник\\PycharmProjects\\TestingUIForGit_POM\\tests\\elements_page_test.py\", line 100, in test_web_table_add_random_valid_persons\n    assert all(item in input_persons for item in output_persons), 'Persons are not in the list.'\n"}, "start": 1693431127543, "stop": 1693431127543}], "parameters": [{"name": "how_much", "value": "2"}], "start": 1693431125541, "stop": 1693431127543, "uuid": "76becb4b-5d08-447c-884b-57bc1664502c", "historyId": "33ada260a9710c3b1187ecf8b0f3f19e", "testCaseId": "2ae0af5ef193006e478e09eddba9ea76", "fullName": "tests.elements_page_test.TestWebTables#test_web_table_add_random_valid_persons", "labels": [{"name": "feature", "value": "Web Tables page has a person's data list and functions add/edit/delete for it"}, {"name": "subSuite", "value": "Web Tables"}, {"name": "suite", "value": "Elements"}, {"name": "tag", "value": "@pytest.mark.usefixtures('web_table_setup')"}, {"name": "parentSuite", "value": "tests"}, {"name": "host", "value": "Nick"}, {"name": "thread", "value": "7104-MainThread"}, {"name": "framework", "value": "pytest"}, {"name": "language", "value": "cpython3"}, {"name": "package", "value": "tests.elements_page_test"}]}