{"name": "test_web_table_search_specified_results[20-2]", "status": "failed", "statusDetails": {"message": "AssertionError: Search result 2 does't match to the search query 20\nassert False == 1", "trace": "self = <elements_page_test.TestElements.TestWebTables object at 0x000000C3A8378F50>, query = '20', query_count = 2\n\n    @pytest.mark.parametrize('query,query_count', specified_search_list)\n    def test_web_table_search_specified_results(self, query, query_count):\n        \"\"\" Check if search result matches to the query \"\"\"\n        self.web_table_page.search_by_any_key(query)\n        result_count, result_mapping = self.web_table_page.get_search_specified_results(query)\n    \n        with allure.step('Check search result'):\n            assert query_count == result_count, f'Query search count {query_count} is not equal to result search count {result_count}'\n>           assert result_mapping == 1, f\"Search result {result_count} does't match to the search query {query}\"\nE           AssertionError: Search result 2 does't match to the search query 20\nE           assert False == 1\n\ntests\\elements_page_test.py:126: AssertionError"}, "description": " Check if search result matches to the query ", "steps": [{"name": "Fill search field by '20'", "status": "passed", "parameters": [{"name": "query", "value": "'20'"}], "start": 1693431134367, "stop": 1693431134451}, {"name": "Get rows count and query mapping", "status": "passed", "steps": [{"name": "Get all persons", "status": "passed", "start": 1693431134451, "stop": 1693431134625}], "parameters": [{"name": "query", "value": "'20'"}], "start": 1693431134451, "stop": 1693431134625}, {"name": "Check search result", "status": "failed", "statusDetails": {"message": "AssertionError: Search result 2 does't match to the search query 20\nassert False == 1\n", "trace": "  File \"C:\\Users\\Ник\\PycharmProjects\\TestingUIForGit_POM\\tests\\elements_page_test.py\", line 126, in test_web_table_search_specified_results\n    assert result_mapping == 1, f\"Search result {result_count} does't match to the search query {query}\"\n"}, "start": 1693431134625, "stop": 1693431134625}], "parameters": [{"name": "query", "value": "'20'"}, {"name": "query_count", "value": "2"}], "start": 1693431134367, "stop": 1693431134625, "uuid": "4d1360e6-9a60-4dcb-80fd-ca9d207c4dc6", "historyId": "551f3ac541fc60ebd2fdb20a91f15cd7", "testCaseId": "65702ff57dee03520d48bc1d99e91921", "fullName": "tests.elements_page_test.TestWebTables#test_web_table_search_specified_results", "labels": [{"name": "feature", "value": "Web Tables page has a person's data list and functions add/edit/delete for it"}, {"name": "subSuite", "value": "Web Tables"}, {"name": "suite", "value": "Elements"}, {"name": "tag", "value": "@pytest.mark.usefixtures('web_table_setup')"}, {"name": "parentSuite", "value": "tests"}, {"name": "host", "value": "Nick"}, {"name": "thread", "value": "7104-MainThread"}, {"name": "framework", "value": "pytest"}, {"name": "language", "value": "cpython3"}, {"name": "package", "value": "tests.elements_page_test"}]}